This is pdfTeX, Version 3.1415926-2.5-1.40.14 (TeX Live 2013) (format=pdflatex 2014.4.28)  13 MAY 2014 14:09
entering extended mode
 restricted \write18 enabled.
 %&-line parsing enabled.
**midopt_mjj
(./midopt_mjj.tex
LaTeX2e <2011/06/27>
Babel <3.9f> and hyphenation patterns for 78 languages loaded.
(/usr/local/texlive/2013/texmf-dist/tex/latex/base/article.cls
Document Class: article 2007/10/19 v1.4h Standard LaTeX document class
(/usr/local/texlive/2013/texmf-dist/tex/latex/base/size10.clo
File: size10.clo 2007/10/19 v1.4h Standard LaTeX file (size option)
)
\c@part=\count79
\c@section=\count80
\c@subsection=\count81
\c@subsubsection=\count82
\c@paragraph=\count83
\c@subparagraph=\count84
\c@figure=\count85
\c@table=\count86
\abovecaptionskip=\skip41
\belowcaptionskip=\skip42
\bibindent=\dimen102
)
(/usr/local/texlive/2013/texmf-dist/tex/latex/geometry/geometry.sty
Package: geometry 2010/09/12 v5.6 Page Geometry

(/usr/local/texlive/2013/texmf-dist/tex/latex/graphics/keyval.sty
Package: keyval 1999/03/16 v1.13 key=value parser (DPC)
\KV@toks@=\toks14
)
(/usr/local/texlive/2013/texmf-dist/tex/generic/oberdiek/ifpdf.sty
Package: ifpdf 2011/01/30 v2.3 Provides the ifpdf switch (HO)
Package ifpdf Info: pdfTeX in PDF mode is detected.
)
(/usr/local/texlive/2013/texmf-dist/tex/generic/oberdiek/ifvtex.sty
Package: ifvtex 2010/03/01 v1.5 Detect VTeX and its facilities (HO)
Package ifvtex Info: VTeX not detected.
)
(/usr/local/texlive/2013/texmf-dist/tex/generic/ifxetex/ifxetex.sty
Package: ifxetex 2010/09/12 v0.6 Provides ifxetex conditional
)
\Gm@cnth=\count87
\Gm@cntv=\count88
\c@Gm@tempcnt=\count89
\Gm@bindingoffset=\dimen103
\Gm@wd@mp=\dimen104
\Gm@odd@mp=\dimen105
\Gm@even@mp=\dimen106
\Gm@layoutwidth=\dimen107
\Gm@layoutheight=\dimen108
\Gm@layouthoffset=\dimen109
\Gm@layoutvoffset=\dimen110
\Gm@dimlist=\toks15
)
(/usr/local/texlive/2013/texmf-dist/tex/latex/graphics/graphicx.sty
Package: graphicx 1999/02/16 v1.0f Enhanced LaTeX Graphics (DPC,SPQR)

(/usr/local/texlive/2013/texmf-dist/tex/latex/graphics/graphics.sty
Package: graphics 2009/02/05 v1.0o Standard LaTeX Graphics (DPC,SPQR)

(/usr/local/texlive/2013/texmf-dist/tex/latex/graphics/trig.sty
Package: trig 1999/03/16 v1.09 sin cos tan (DPC)
)
(/usr/local/texlive/2013/texmf-dist/tex/latex/latexconfig/graphics.cfg
File: graphics.cfg 2010/04/23 v1.9 graphics configuration of TeX Live
)
Package graphics Info: Driver file: pdftex.def on input line 91.

(/usr/local/texlive/2013/texmf-dist/tex/latex/pdftex-def/pdftex.def
File: pdftex.def 2011/05/27 v0.06d Graphics/color for pdfTeX

(/usr/local/texlive/2013/texmf-dist/tex/generic/oberdiek/infwarerr.sty
Package: infwarerr 2010/04/08 v1.3 Providing info/warning/error messages (HO)
)
(/usr/local/texlive/2013/texmf-dist/tex/generic/oberdiek/ltxcmds.sty
Package: ltxcmds 2011/11/09 v1.22 LaTeX kernel commands for general use (HO)
)
\Gread@gobject=\count90
))
\Gin@req@height=\dimen111
\Gin@req@width=\dimen112
)
(/usr/local/texlive/2013/texmf-dist/tex/latex/tools/verbatim.sty
Package: verbatim 2003/08/22 v1.5q LaTeX2e package for verbatim enhancements
\every@verbatim=\toks16
\verbatim@line=\toks17
\verbatim@in@stream=\read1
)
(/usr/local/texlive/2013/texmf-dist/tex/latex/oberdiek/bookmark.sty
Package: bookmark 2011/12/02 v1.24 PDF bookmarks (HO)

(/usr/local/texlive/2013/texmf-dist/tex/generic/oberdiek/pdfescape.sty
Package: pdfescape 2011/11/25 v1.13 Implements pdfTeX's escape features (HO)

(/usr/local/texlive/2013/texmf-dist/tex/generic/oberdiek/pdftexcmds.sty
Package: pdftexcmds 2011/11/29 v0.20 Utility functions of pdfTeX for LuaTeX (HO
)

(/usr/local/texlive/2013/texmf-dist/tex/generic/oberdiek/ifluatex.sty
Package: ifluatex 2010/03/01 v1.3 Provides the ifluatex switch (HO)
Package ifluatex Info: LuaTeX not detected.
)
Package pdftexcmds Info: LuaTeX not detected.
Package pdftexcmds Info: \pdf@primitive is available.
Package pdftexcmds Info: \pdf@ifprimitive is available.
Package pdftexcmds Info: \pdfdraftmode found.
))
(/usr/local/texlive/2013/texmf-dist/tex/latex/hyperref/hyperref.sty
Package: hyperref 2012/11/06 v6.83m Hypertext links for LaTeX

(/usr/local/texlive/2013/texmf-dist/tex/generic/oberdiek/hobsub-hyperref.sty
Package: hobsub-hyperref 2012/05/28 v1.13 Bundle oberdiek, subset hyperref (HO)


(/usr/local/texlive/2013/texmf-dist/tex/generic/oberdiek/hobsub-generic.sty
Package: hobsub-generic 2012/05/28 v1.13 Bundle oberdiek, subset generic (HO)
Package: hobsub 2012/05/28 v1.13 Construct package bundles (HO)
Package hobsub Info: Skipping package `infwarerr' (already loaded).
Package hobsub Info: Skipping package `ltxcmds' (already loaded).
Package hobsub Info: Skipping package `ifluatex' (already loaded).
Package hobsub Info: Skipping package `ifvtex' (already loaded).
Package: intcalc 2007/09/27 v1.1 Expandable calculations with integers (HO)
Package hobsub Info: Skipping package `ifpdf' (already loaded).
Package: etexcmds 2011/02/16 v1.5 Avoid name clashes with e-TeX commands (HO)
Package etexcmds Info: Could not find \expanded.
(etexcmds)             That can mean that you are not using pdfTeX 1.50 or
(etexcmds)             that some package has redefined \expanded.
(etexcmds)             In the latter case, load this package earlier.
Package: kvsetkeys 2012/04/25 v1.16 Key value parser (HO)
Package: kvdefinekeys 2011/04/07 v1.3 Define keys (HO)
Package hobsub Info: Skipping package `pdftexcmds' (already loaded).
Package hobsub Info: Skipping package `pdfescape' (already loaded).
Package: bigintcalc 2012/04/08 v1.3 Expandable calculations on big integers (HO
)
Package: bitset 2011/01/30 v1.1 Handle bit-vector datatype (HO)
Package: uniquecounter 2011/01/30 v1.2 Provide unlimited unique counter (HO)
)
Package hobsub Info: Skipping package `hobsub' (already loaded).
Package: letltxmacro 2010/09/02 v1.4 Let assignment for LaTeX macros (HO)
Package: hopatch 2012/05/28 v1.2 Wrapper for package hooks (HO)
Package: xcolor-patch 2011/01/30 xcolor patch
Package: atveryend 2011/06/30 v1.8 Hooks at the very end of document (HO)
Package atveryend Info: \enddocument detected (standard20110627).
Package: atbegshi 2011/10/05 v1.16 At begin shipout hook (HO)
Package: refcount 2011/10/16 v3.4 Data extraction from label references (HO)
Package: hycolor 2011/01/30 v1.7 Color options for hyperref/bookmark (HO)
)
(/usr/local/texlive/2013/texmf-dist/tex/latex/oberdiek/auxhook.sty
Package: auxhook 2011/03/04 v1.3 Hooks for auxiliary files (HO)
)
(/usr/local/texlive/2013/texmf-dist/tex/latex/oberdiek/kvoptions.sty
Package: kvoptions 2011/06/30 v3.11 Key value format for package options (HO)
)
\@linkdim=\dimen113
\Hy@linkcounter=\count91
\Hy@pagecounter=\count92

(/usr/local/texlive/2013/texmf-dist/tex/latex/hyperref/pd1enc.def
File: pd1enc.def 2012/11/06 v6.83m Hyperref: PDFDocEncoding definition (HO)
)
\Hy@SavedSpaceFactor=\count93

(/usr/local/texlive/2013/texmf-dist/tex/latex/latexconfig/hyperref.cfg
File: hyperref.cfg 2002/06/06 v1.2 hyperref configuration of TeXLive
)
Package hyperref Info: Hyper figures OFF on input line 4443.
Package hyperref Info: Link nesting OFF on input line 4448.
Package hyperref Info: Hyper index ON on input line 4451.
Package hyperref Info: Plain pages OFF on input line 4458.
Package hyperref Info: Backreferencing OFF on input line 4463.
Package hyperref Info: Implicit mode ON; LaTeX internals redefined.
Package hyperref Info: Bookmarks ON on input line 4688.
\c@Hy@tempcnt=\count94

(/usr/local/texlive/2013/texmf-dist/tex/latex/url/url.sty
\Urlmuskip=\muskip10
Package: url 2006/04/12  ver 3.3  Verb mode for urls, etc.
)
LaTeX Info: Redefining \url on input line 5041.
\XeTeXLinkMargin=\dimen114
\Fld@menulength=\count95
\Field@Width=\dimen115
\Fld@charsize=\dimen116
Package hyperref Info: Hyper figures OFF on input line 6295.
Package hyperref Info: Link nesting OFF on input line 6300.
Package hyperref Info: Hyper index ON on input line 6303.
Package hyperref Info: backreferencing OFF on input line 6310.
Package hyperref Info: Link coloring OFF on input line 6315.
Package hyperref Info: Link coloring with OCG OFF on input line 6320.
Package hyperref Info: PDF/A mode OFF on input line 6325.
LaTeX Info: Redefining \ref on input line 6365.
LaTeX Info: Redefining \pageref on input line 6369.
\Hy@abspage=\count96
\c@Item=\count97
\c@Hfootnote=\count98
)

Package hyperref Message: Driver (autodetected): hpdftex.

(/usr/local/texlive/2013/texmf-dist/tex/latex/hyperref/hpdftex.def
File: hpdftex.def 2012/11/06 v6.83m Hyperref driver for pdfTeX
\Fld@listcount=\count99
\c@bookmark@seq@number=\count100

(/usr/local/texlive/2013/texmf-dist/tex/latex/oberdiek/rerunfilecheck.sty
Package: rerunfilecheck 2011/04/15 v1.7 Rerun checks for auxiliary files (HO)
Package uniquecounter Info: New unique counter `rerunfilecheck' on input line 2
82.
)
\Hy@SectionHShift=\skip43
)
(/usr/local/texlive/2013/texmf-dist/tex/latex/oberdiek/bkm-pdftex.def
File: bkm-pdftex.def 2011/12/02 v1.24 bookmark driver for pdfTeX (HO)
\BKM@id=\count101
))
(/usr/local/texlive/2013/texmf-dist/tex/latex/jknapltx/mathrsfs.sty
Package: mathrsfs 1996/01/01 Math RSFS package v1.0 (jk)
\symrsfs=\mathgroup4
)
(/usr/local/texlive/2013/texmf-dist/tex/latex/amsfonts/amssymb.sty
Package: amssymb 2013/01/14 v3.01 AMS font symbols

(/usr/local/texlive/2013/texmf-dist/tex/latex/amsfonts/amsfonts.sty
Package: amsfonts 2013/01/14 v3.01 Basic AMSFonts support
\@emptytoks=\toks18
\symAMSa=\mathgroup5
\symAMSb=\mathgroup6
LaTeX Font Info:    Overwriting math alphabet `\mathfrak' in version `bold'
(Font)                  U/euf/m/n --> U/euf/b/n on input line 106.
))
(/usr/local/texlive/2013/texmf-dist/tex/latex/amsmath/amsmath.sty
Package: amsmath 2013/01/14 v2.14 AMS math features
\@mathmargin=\skip44

For additional information on amsmath, use the `?' option.
(/usr/local/texlive/2013/texmf-dist/tex/latex/amsmath/amstext.sty
Package: amstext 2000/06/29 v2.01

(/usr/local/texlive/2013/texmf-dist/tex/latex/amsmath/amsgen.sty
File: amsgen.sty 1999/11/30 v2.0
\@emptytoks=\toks19
\ex@=\dimen117
))
(/usr/local/texlive/2013/texmf-dist/tex/latex/amsmath/amsbsy.sty
Package: amsbsy 1999/11/29 v1.2d
\pmbraise@=\dimen118
)
(/usr/local/texlive/2013/texmf-dist/tex/latex/amsmath/amsopn.sty
Package: amsopn 1999/12/14 v2.01 operator names
)
\inf@bad=\count102
LaTeX Info: Redefining \frac on input line 210.
\uproot@=\count103
\leftroot@=\count104
LaTeX Info: Redefining \overline on input line 306.
\classnum@=\count105
\DOTSCASE@=\count106
LaTeX Info: Redefining \ldots on input line 378.
LaTeX Info: Redefining \dots on input line 381.
LaTeX Info: Redefining \cdots on input line 466.
\Mathstrutbox@=\box26
\strutbox@=\box27
\big@size=\dimen119
LaTeX Font Info:    Redeclaring font encoding OML on input line 566.
LaTeX Font Info:    Redeclaring font encoding OMS on input line 567.
\macc@depth=\count107
\c@MaxMatrixCols=\count108
\dotsspace@=\muskip11
\c@parentequation=\count109
\dspbrk@lvl=\count110
\tag@help=\toks20
\row@=\count111
\column@=\count112
\maxfields@=\count113
\andhelp@=\toks21
\eqnshift@=\dimen120
\alignsep@=\dimen121
\tagshift@=\dimen122
\tagwidth@=\dimen123
\totwidth@=\dimen124
\lineht@=\dimen125
\@envbody=\toks22
\multlinegap=\skip45
\multlinetaggap=\skip46
\mathdisplay@stack=\toks23
LaTeX Info: Redefining \[ on input line 2665.
LaTeX Info: Redefining \] on input line 2666.
)
(/usr/local/texlive/2013/texmf-dist/tex/latex/tools/bm.sty
Package: bm 2004/02/26 v1.1c Bold Symbol Support (DPC/FMi)
\symboldoperators=\mathgroup7
\symboldletters=\mathgroup8
\symboldsymbols=\mathgroup9
LaTeX Font Info:    Redeclaring math alphabet \mathbf on input line 138.
LaTeX Info: Redefining \bm on input line 204.
)
(/usr/local/texlive/2013/texmf-dist/tex/latex/graphics/color.sty
Package: color 2005/11/14 v1.0j Standard LaTeX Color (DPC)

(/usr/local/texlive/2013/texmf-dist/tex/latex/latexconfig/color.cfg
File: color.cfg 2007/01/18 v1.5 color configuration of teTeX/TeXLive
)
Package color Info: Driver file: pdftex.def on input line 130.
)
(/usr/local/texlive/2013/texmf-dist/tex/latex/xcolor/xcolor.sty
Package: xcolor 2007/01/21 v2.11 LaTeX color extensions (UK)

(/usr/local/texlive/2013/texmf-dist/tex/latex/latexconfig/color.cfg
File: color.cfg 2007/01/18 v1.5 color configuration of teTeX/TeXLive
)
Package xcolor Info: Driver file: pdftex.def on input line 225.

(/usr/local/texlive/2013/texmf-dist/tex/latex/colortbl/colortbl.sty
Package: colortbl 2012/02/13 v1.0a Color table columns (DPC)

(/usr/local/texlive/2013/texmf-dist/tex/latex/tools/array.sty
Package: array 2008/09/09 v2.4c Tabular extension package (FMi)
\col@sep=\dimen126
\extrarowheight=\dimen127
\NC@list=\toks24
\extratabsurround=\skip47
\backup@length=\skip48
)
\everycr=\toks25
\minrowclearance=\skip49
)
LaTeX Info: Redefining \color on input line 702.
\rownum=\count114
Package xcolor Info: Model `cmy' substituted by `cmy0' on input line 1337.
Package xcolor Info: Model `hsb' substituted by `rgb' on input line 1341.
Package xcolor Info: Model `RGB' extended on input line 1353.
Package xcolor Info: Model `HTML' substituted by `rgb' on input line 1355.
Package xcolor Info: Model `Hsb' substituted by `hsb' on input line 1356.
Package xcolor Info: Model `tHsb' substituted by `hsb' on input line 1357.
Package xcolor Info: Model `HSB' substituted by `hsb' on input line 1358.
Package xcolor Info: Model `Gray' substituted by `gray' on input line 1359.
Package xcolor Info: Model `wave' substituted by `hsb' on input line 1360.
)
(/usr/local/texlive/2013/texmf-dist/tex/latex/multirow/multirow.sty
\bigstrutjot=\dimen128
)
(/usr/local/texlive/2013/texmf-dist/tex/latex/caption/caption.sty
Package: caption 2013/05/02 v3.3-89 Customizing captions (AR)

(/usr/local/texlive/2013/texmf-dist/tex/latex/caption/caption3.sty
Package: caption3 2013/05/02 v1.6-88 caption3 kernel (AR)
Package caption3 Info: TeX engine: e-TeX on input line 57.
\captionmargin=\dimen129
\captionmargin@=\dimen130
\captionwidth=\dimen131
\caption@tempdima=\dimen132
\caption@indent=\dimen133
\caption@parindent=\dimen134
\caption@hangindent=\dimen135
)
\c@ContinuedFloat=\count115
Package caption Info: hyperref package is loaded.
)
(/usr/local/texlive/2013/texmf-dist/tex/latex/subfig/subfig.sty
Package: subfig 2005/06/28 ver: 1.3 subfig package
\c@KVtest=\count116
\sf@farskip=\skip50
\sf@captopadj=\dimen136
\sf@capskip=\skip51
\sf@nearskip=\skip52
\c@subfigure=\count117
\c@subfigure@save=\count118
\c@lofdepth=\count119
\c@subtable=\count120
\c@subtable@save=\count121
\c@lotdepth=\count122
\sf@top=\skip53
\sf@bottom=\skip54
)
(/usr/local/texlive/2013/texmf-dist/tex/latex/tools/afterpage.sty
Package: afterpage 1995/10/27 v1.08 After-Page Package (DPC)
\AP@output=\toks26
\AP@partial=\box28
\AP@footins=\box29
)
(/usr/local/texlive/2013/texmf-dist/tex/latex/floatrow/floatrow.sty
Package: floatrow 2008/08/02 v0.3b floatrow: float package extension
\c@float@type=\count123
\float@exts=\toks27
\float@box=\box30
\@floatcapt=\box31
Package floatrow Info: Modified float package code loaded on input line 455.
Package floatrow Info: Modified rotfloat package code loaded on input line 473.

\FR@everyfloat=\toks28
\flrow@foot=\insert233
\FB@wd=\dimen137
\FBo@wd=\dimen138
\FBc@wd=\dimen139
\FBo@ht=\skip55
\FBc@ht=\skip56
\FBf@ht=\skip57
\FBo@max=\skip58
\FBc@max=\skip59
\FBf@max=\skip60
\c@FBl@b=\count124
\floatbox@depth=\count125
\c@FRobj=\count126
\c@FRsobj=\count127
\Xhsize=\skip61
\sXhsize=\skip62
\Zhsize=\skip63
\sZhsize=\skip64
\flrow@rowbox=\box32
\FR@Zunitlength=\dimen140
\c@FBcnt=\count128
\FPOScnt=\count129
\LTleft=\skip65
\LTright=\skip66
\LTleft=\skip67
\LTright=\skip68
\flrow@types=\toks29
)
(/usr/local/texlive/2013/texmf-dist/tex/latex/oberdiek/pdflscape.sty
Package: pdflscape 2008/08/11 v0.10 Display of landscape pages in PDF (HO)

(/usr/local/texlive/2013/texmf-dist/tex/latex/graphics/lscape.sty
Package: lscape 2000/10/22 v3.01 Landscape Pages (DPC)
)
Package pdflscape Info: Auto-detected driver: pdftex on input line 80.
)

LaTeX Warning: Unused global option(s):
    [sfheadings,times,9pt,floats,floatfix].

(./midopt_mjj.aux

LaTeX Warning: Label `tab:lay' multiply defined.

)
\openout1 = `midopt_mjj.aux'.

LaTeX Font Info:    Checking defaults for OML/cmm/m/it on input line 32.
LaTeX Font Info:    ... okay on input line 32.
LaTeX Font Info:    Checking defaults for T1/cmr/m/n on input line 32.
LaTeX Font Info:    ... okay on input line 32.
LaTeX Font Info:    Checking defaults for OT1/cmr/m/n on input line 32.
LaTeX Font Info:    ... okay on input line 32.
LaTeX Font Info:    Checking defaults for OMS/cmsy/m/n on input line 32.
LaTeX Font Info:    ... okay on input line 32.
LaTeX Font Info:    Checking defaults for OMX/cmex/m/n on input line 32.
LaTeX Font Info:    ... okay on input line 32.
LaTeX Font Info:    Checking defaults for U/cmr/m/n on input line 32.
LaTeX Font Info:    ... okay on input line 32.
LaTeX Font Info:    Checking defaults for PD1/pdf/m/n on input line 32.
LaTeX Font Info:    ... okay on input line 32.

*geometry* driver: auto-detecting
*geometry* detected driver: pdftex
*geometry* verbose mode - [ preamble ] result:
* driver: pdftex
* paper: a4paper
* layout: <same size as paper>
* layoutoffset:(h,v)=(0.0pt,0.0pt)
* modes: 
* h-part:(L,W,R)=(54.2025pt, 489.10287pt, 54.2025pt)
* v-part:(T,H,B)=(54.2025pt, 736.64185pt, 54.2025pt)
* \paperwidth=597.50787pt
* \paperheight=845.04684pt
* \textwidth=489.10287pt
* \textheight=736.64185pt
* \oddsidemargin=-18.06749pt
* \evensidemargin=-18.06749pt
* \topmargin=-55.06749pt
* \headheight=12.0pt
* \headsep=25.0pt
* \topskip=10.0pt
* \footskip=30.0pt
* \marginparwidth=57.0pt
* \marginparsep=11.0pt
* \columnsep=10.0pt
* \skip\footins=9.0pt plus 4.0pt minus 2.0pt
* \hoffset=0.0pt
* \voffset=36.135pt
* \mag=1000
* \@twocolumnfalse
* \@twosidefalse
* \@mparswitchfalse
* \@reversemarginfalse
* (1in=72.27pt=25.4mm, 1cm=28.453pt)

(/usr/local/texlive/2013/texmf-dist/tex/context/base/supp-pdf.mkii
[Loading MPS to PDF converter (version 2006.09.02).]
\scratchcounter=\count130
\scratchdimen=\dimen141
\scratchbox=\box33
\nofMPsegments=\count131
\nofMParguments=\count132
\everyMPshowfont=\toks30
\MPscratchCnt=\count133
\MPscratchDim=\dimen142
\MPnumerator=\count134
\makeMPintoPDFobject=\count135
\everyMPtoPDFconversion=\toks31
) (/usr/local/texlive/2013/texmf-dist/tex/latex/oberdiek/epstopdf-base.sty
Package: epstopdf-base 2010/02/09 v2.5 Base part for package epstopdf

(/usr/local/texlive/2013/texmf-dist/tex/latex/oberdiek/grfext.sty
Package: grfext 2010/08/19 v1.1 Manage graphics extensions (HO)
)
Package grfext Info: Graphics extension search list:
(grfext)             [.png,.pdf,.jpg,.mps,.jpeg,.jbig2,.jb2,.PNG,.PDF,.JPG,.JPE
G,.JBIG2,.JB2,.eps]
(grfext)             \AppendGraphicsExtensions on input line 452.

(/usr/local/texlive/2013/texmf-dist/tex/latex/latexconfig/epstopdf-sys.cfg
File: epstopdf-sys.cfg 2010/07/13 v1.3 Configuration of (r)epstopdf for TeX Liv
e
))
\AtBeginShipoutBox=\box34
Package hyperref Info: Link coloring OFF on input line 32.

(/usr/local/texlive/2013/texmf-dist/tex/latex/hyperref/nameref.sty
Package: nameref 2012/10/27 v2.43 Cross-referencing by name of section

(/usr/local/texlive/2013/texmf-dist/tex/generic/oberdiek/gettitlestring.sty
Package: gettitlestring 2010/12/03 v1.4 Cleanup title references (HO)
)
\c@section@level=\count136
)
LaTeX Info: Redefining \ref on input line 32.
LaTeX Info: Redefining \pageref on input line 32.
LaTeX Info: Redefining \nameref on input line 32.
Package caption Info: Begin \AtBeginDocument code.
Package caption Info: subfig package v1.3 is loaded.
Package caption Info: floatrow package is loaded.
Package caption Info: float package is loaded.
Package caption Info: floatrow package is loaded.
Package caption Info: End \AtBeginDocument code.

(/usr/local/texlive/2013/texmf-dist/tex/latex/floatrow/fr-subfig.sty
Package: fr-subfig 2007/12/24 v0.1g (beta) floatrow: additions for subfig
\FBsc@max=\skip69
\FBso@max=\skip70
)
LaTeX Font Info:    Try loading font information for U+rsfs on input line 34.

(/usr/local/texlive/2013/texmf-dist/tex/latex/jknapltx/ursfs.fd
File: ursfs.fd 1998/03/24 rsfs font definition file (jk)
)
LaTeX Font Info:    Try loading font information for U+msa on input line 34.

(/usr/local/texlive/2013/texmf-dist/tex/latex/amsfonts/umsa.fd
File: umsa.fd 2013/01/14 v3.01 AMS symbols A
)
LaTeX Font Info:    Try loading font information for U+msb on input line 34.

(/usr/local/texlive/2013/texmf-dist/tex/latex/amsfonts/umsb.fd
File: umsb.fd 2013/01/14 v3.01 AMS symbols B
) [1

{/usr/local/texlive/2013/texmf-var/fonts/map/pdftex/updmap/pdftex.map}]
Underfull \hbox (badness 10000) in paragraph at lines 116--120

 []

LaTeX Font Info:    Try loading font information for OMS+cmr on input line 121.

(/usr/local/texlive/2013/texmf-dist/tex/latex/base/omscmr.fd
File: omscmr.fd 1999/05/25 v2.5h Standard LaTeX font definitions
)
LaTeX Font Info:    Font shape `OMS/cmr/m/n' in size <10> not available
(Font)              Font shape `OMS/cmsy/m/n' tried instead on input line 121.
 [2] [3]
(./lay-new.tex <images/lay_SKA1REF2.png, id=78, 578.16pt x 433.62pt>
File: images/lay_SKA1REF2.png Graphic file (type png)

<use images/lay_SKA1REF2.png>
Package pdftex.def Info: images/lay_SKA1REF2.png used on input line 3.
(pdftex.def)             Requested size: 88.03493pt x 65.59279pt.

<images/lay_SKA1W9-12A72B120.png, id=80, 578.16pt x 433.62pt>
File: images/lay_SKA1W9-12A72B120.png Graphic file (type png)

<use images/lay_SKA1W9-12A72B120.png>
Package pdftex.def Info: images/lay_SKA1W9-12A72B120.png used on input line 3.
(pdftex.def)             Requested size: 88.03493pt x 65.59279pt.

<images/lay_SKA1W9-0A72B120.png, id=81, 578.16pt x 433.62pt>
File: images/lay_SKA1W9-0A72B120.png Graphic file (type png)

<use images/lay_SKA1W9-0A72B120.png>
Package pdftex.def Info: images/lay_SKA1W9-0A72B120.png used on input line 3.
(pdftex.def)             Requested size: 88.03493pt x 65.59279pt.

<images/lay_SKASUR1.png, id=82, 578.16pt x 433.62pt>
File: images/lay_SKASUR1.png Graphic file (type png)

<use images/lay_SKASUR1.png>
Package pdftex.def Info: images/lay_SKASUR1.png used on input line 3.
(pdftex.def)             Requested size: 88.03493pt x 65.59279pt.

<images/lay_SKASUR.png, id=83, 578.16pt x 433.62pt>
File: images/lay_SKASUR.png Graphic file (type png)

<use images/lay_SKASUR.png>
Package pdftex.def Info: images/lay_SKASUR.png used on input line 3.
(pdftex.def)             Requested size: 88.03493pt x 65.59279pt.

<images/outer_core_SKA1REF2.png, id=84, 578.16pt x 433.62pt>
File: images/outer_core_SKA1REF2.png Graphic file (type png)

<use images/outer_core_SKA1REF2.png>
Package pdftex.def Info: images/outer_core_SKA1REF2.png used on input line 4.
(pdftex.def)             Requested size: 88.03493pt x 65.59279pt.

<images/outer_core_SKA1W9-12A72B120.png, id=85, 578.16pt x 433.62pt>
File: images/outer_core_SKA1W9-12A72B120.png Graphic file (type png)

<use images/outer_core_SKA1W9-12A72B120.png>
Package pdftex.def Info: images/outer_core_SKA1W9-12A72B120.png used on input l
ine 4.
(pdftex.def)             Requested size: 88.03493pt x 65.59279pt.

<images/outer_core_SKA1W9-0A72B120.png, id=86, 578.16pt x 433.62pt>
File: images/outer_core_SKA1W9-0A72B120.png Graphic file (type png)

<use images/outer_core_SKA1W9-0A72B120.png>
Package pdftex.def Info: images/outer_core_SKA1W9-0A72B120.png used on input li
ne 4.
(pdftex.def)             Requested size: 88.03493pt x 65.59279pt.

<images/outer_core_SKASUR1.png, id=87, 578.16pt x 433.62pt>
File: images/outer_core_SKASUR1.png Graphic file (type png)

<use images/outer_core_SKASUR1.png>
Package pdftex.def Info: images/outer_core_SKASUR1.png used on input line 4.
(pdftex.def)             Requested size: 88.03493pt x 65.59279pt.

<images/outer_core_SKASUR.png, id=88, 578.16pt x 433.62pt>
File: images/outer_core_SKASUR.png Graphic file (type png)

<use images/outer_core_SKASUR.png>
Package pdftex.def Info: images/outer_core_SKASUR.png used on input line 4.
(pdftex.def)             Requested size: 88.03493pt x 65.59279pt.

<images/core_SKA1REF2.png, id=89, 578.16pt x 433.62pt>
File: images/core_SKA1REF2.png Graphic file (type png)

<use images/core_SKA1REF2.png>
Package pdftex.def Info: images/core_SKA1REF2.png used on input line 5.
(pdftex.def)             Requested size: 88.03493pt x 65.59279pt.

<images/core_SKA1W9-12A72B120.png, id=90, 578.16pt x 433.62pt>
File: images/core_SKA1W9-12A72B120.png Graphic file (type png)

<use images/core_SKA1W9-12A72B120.png>
Package pdftex.def Info: images/core_SKA1W9-12A72B120.png used on input line 6.

(pdftex.def)             Requested size: 88.03493pt x 65.59279pt.

<images/core_SKA1W9-0A72B120.png, id=91, 578.16pt x 433.62pt>
File: images/core_SKA1W9-0A72B120.png Graphic file (type png)

<use images/core_SKA1W9-0A72B120.png>
Package pdftex.def Info: images/core_SKA1W9-0A72B120.png used on input line 7.
(pdftex.def)             Requested size: 88.03493pt x 65.59279pt.
)
Overfull \hbox (13.87175pt too wide) in paragraph at lines 2--282
 [][] 
 []

(./hist-new.tex <images/hist_SKA1REF2.png, id=92, 578.16pt x 433.62pt>
File: images/hist_SKA1REF2.png Graphic file (type png)

<use images/hist_SKA1REF2.png>
Package pdftex.def Info: images/hist_SKA1REF2.png used on input line 3.
(pdftex.def)             Requested size: 88.03493pt x 65.59279pt.

<images/hist_SKA1W9-12A72B120.png, id=93, 578.16pt x 433.62pt>
File: images/hist_SKA1W9-12A72B120.png Graphic file (type png)

<use images/hist_SKA1W9-12A72B120.png>
Package pdftex.def Info: images/hist_SKA1W9-12A72B120.png used on input line 3.

(pdftex.def)             Requested size: 88.03493pt x 65.59279pt.

<images/hist_SKA1W9-0A72B120.png, id=94, 578.16pt x 433.62pt>
File: images/hist_SKA1W9-0A72B120.png Graphic file (type png)

<use images/hist_SKA1W9-0A72B120.png>
Package pdftex.def Info: images/hist_SKA1W9-0A72B120.png used on input line 3.
(pdftex.def)             Requested size: 88.03493pt x 65.59279pt.

<images/hist_SKASUR1.png, id=95, 578.16pt x 433.62pt>
File: images/hist_SKASUR1.png Graphic file (type png)

<use images/hist_SKASUR1.png>
Package pdftex.def Info: images/hist_SKASUR1.png used on input line 3.
(pdftex.def)             Requested size: 88.03493pt x 65.59279pt.

<images/hist_SKASUR.png, id=96, 578.16pt x 433.62pt>
File: images/hist_SKASUR.png Graphic file (type png)

<use images/hist_SKASUR.png>
Package pdftex.def Info: images/hist_SKASUR.png used on input line 3.
(pdftex.def)             Requested size: 88.03493pt x 65.59279pt.
)
Overfull \hbox (13.87175pt too wide) in paragraph at lines 2--288
 [][] 
 []

(./core_hist.tex <images/dish_hist-REF2.png, id=97, 578.16pt x 433.62pt>
File: images/dish_hist-REF2.png Graphic file (type png)

<use images/dish_hist-REF2.png>
Package pdftex.def Info: images/dish_hist-REF2.png used on input line 3.
(pdftex.def)             Requested size: 146.73235pt x 109.3235pt.

<images/dish_hist-W9-12A72B120.png, id=98, 578.16pt x 433.62pt>
File: images/dish_hist-W9-12A72B120.png Graphic file (type png)

<use images/dish_hist-W9-12A72B120.png>
Package pdftex.def Info: images/dish_hist-W9-12A72B120.png used on input line 3
.
(pdftex.def)             Requested size: 146.73235pt x 109.3235pt.
) (./core_cumhist.tex
<images/dish_cumhist-REF2.png, id=99, 578.16pt x 433.62pt>
File: images/dish_cumhist-REF2.png Graphic file (type png)

<use images/dish_cumhist-REF2.png>
Package pdftex.def Info: images/dish_cumhist-REF2.png used on input line 3.
(pdftex.def)             Requested size: 146.73235pt x 109.3235pt.

<images/dish_cumhist-W9-12A72B120.png, id=100, 578.16pt x 433.62pt>
File: images/dish_cumhist-W9-12A72B120.png Graphic file (type png)

<use images/dish_cumhist-W9-12A72B120.png>
Package pdftex.def Info: images/dish_cumhist-W9-12A72B120.png used on input lin
e 3.
(pdftex.def)             Requested size: 146.73235pt x 109.3235pt.
) [4 <./images/lay_SKA1REF2.png> <./images/lay_SKA1W9-12A72B120.png> <./images/
lay_SKA1W9-0A72B120.png> <./images/lay_SKASUR1.png> <./images/lay_SKASUR.png> <
./images/outer_core_SKA1REF2.png> <./images/outer_core_SKA1W9-12A72B120.png> <.
/images/outer_core_SKA1W9-0A72B120.png> <./images/outer_core_SKASUR1.png> <./im
ages/outer_core_SKASUR.png> <./images/core_SKA1REF2.png> <./images/core_SKA1W9-
12A72B120.png> <./images/core_SKA1W9-0A72B120.png> <./images/hist_SKA1REF2.png>
 <./images/hist_SKA1W9-12A72B120.png> <./images/hist_SKA1W9-0A72B120.png> <./im
ages/hist_SKASUR1.png> <./images/hist_SKASUR.png>] (./uvcov-new.tex
<images/uvcov_SKA1REF2_-50_650.png, id=128, 578.16pt x 433.62pt>
File: images/uvcov_SKA1REF2_-50_650.png Graphic file (type png)

<use images/uvcov_SKA1REF2_-50_650.png>
Package pdftex.def Info: images/uvcov_SKA1REF2_-50_650.png used on input line 3
.
(pdftex.def)             Requested size: 88.03493pt x 65.59279pt.

<images/uvcov_SKA1W9-12A72B120_-50_650.png, id=129, 578.16pt x 433.62pt>
File: images/uvcov_SKA1W9-12A72B120_-50_650.png Graphic file (type png)

<use images/uvcov_SKA1W9-12A72B120_-50_650.png>
Package pdftex.def Info: images/uvcov_SKA1W9-12A72B120_-50_650.png used on inpu
t line 3.
(pdftex.def)             Requested size: 88.03493pt x 65.59279pt.

<images/uvcov_SKA1W9-0A72B120_-50_650.png, id=130, 578.16pt x 433.62pt>
File: images/uvcov_SKA1W9-0A72B120_-50_650.png Graphic file (type png)

<use images/uvcov_SKA1W9-0A72B120_-50_650.png>
Package pdftex.def Info: images/uvcov_SKA1W9-0A72B120_-50_650.png used on input
 line 3.
(pdftex.def)             Requested size: 88.03493pt x 65.59279pt.

<images/uvcov_SKASUR1_-50_650.png, id=131, 578.16pt x 433.62pt>
File: images/uvcov_SKASUR1_-50_650.png Graphic file (type png)

<use images/uvcov_SKASUR1_-50_650.png>
Package pdftex.def Info: images/uvcov_SKASUR1_-50_650.png used on input line 3.

(pdftex.def)             Requested size: 88.03493pt x 65.59279pt.

<images/uvcov_SKASUR_-50_650.png, id=132, 578.16pt x 433.62pt>
File: images/uvcov_SKASUR_-50_650.png Graphic file (type png)

<use images/uvcov_SKASUR_-50_650.png>
Package pdftex.def Info: images/uvcov_SKASUR_-50_650.png used on input line 3.
(pdftex.def)             Requested size: 88.03493pt x 65.59279pt.

<images/uvcov_SKA1REF2_-30_650.png, id=133, 578.16pt x 433.62pt>
File: images/uvcov_SKA1REF2_-30_650.png Graphic file (type png)

<use images/uvcov_SKA1REF2_-30_650.png>
Package pdftex.def Info: images/uvcov_SKA1REF2_-30_650.png used on input line 4
.
(pdftex.def)             Requested size: 88.03493pt x 65.59279pt.

<images/uvcov_SKA1W9-12A72B120_-30_650.png, id=134, 578.16pt x 433.62pt>
File: images/uvcov_SKA1W9-12A72B120_-30_650.png Graphic file (type png)

<use images/uvcov_SKA1W9-12A72B120_-30_650.png>
Package pdftex.def Info: images/uvcov_SKA1W9-12A72B120_-30_650.png used on inpu
t line 4.
(pdftex.def)             Requested size: 88.03493pt x 65.59279pt.

<images/uvcov_SKA1W9-0A72B120_-30_650.png, id=135, 578.16pt x 433.62pt>
File: images/uvcov_SKA1W9-0A72B120_-30_650.png Graphic file (type png)

<use images/uvcov_SKA1W9-0A72B120_-30_650.png>
Package pdftex.def Info: images/uvcov_SKA1W9-0A72B120_-30_650.png used on input
 line 4.
(pdftex.def)             Requested size: 88.03493pt x 65.59279pt.

<images/uvcov_SKASUR1_-30_650.png, id=136, 578.16pt x 433.62pt>
File: images/uvcov_SKASUR1_-30_650.png Graphic file (type png)

<use images/uvcov_SKASUR1_-30_650.png>
Package pdftex.def Info: images/uvcov_SKASUR1_-30_650.png used on input line 4.

(pdftex.def)             Requested size: 88.03493pt x 65.59279pt.

<images/uvcov_SKASUR_-30_650.png, id=137, 578.16pt x 433.62pt>
File: images/uvcov_SKASUR_-30_650.png Graphic file (type png)

<use images/uvcov_SKASUR_-30_650.png>
Package pdftex.def Info: images/uvcov_SKASUR_-30_650.png used on input line 4.
(pdftex.def)             Requested size: 88.03493pt x 65.59279pt.

<images/uvcov_SKA1REF2_-10_650.png, id=138, 578.16pt x 433.62pt>
File: images/uvcov_SKA1REF2_-10_650.png Graphic file (type png)

<use images/uvcov_SKA1REF2_-10_650.png>
Package pdftex.def Info: images/uvcov_SKA1REF2_-10_650.png used on input line 5
.
(pdftex.def)             Requested size: 88.03493pt x 65.59279pt.

<images/uvcov_SKA1W9-12A72B120_-10_650.png, id=139, 578.16pt x 433.62pt>
File: images/uvcov_SKA1W9-12A72B120_-10_650.png Graphic file (type png)

<use images/uvcov_SKA1W9-12A72B120_-10_650.png>
Package pdftex.def Info: images/uvcov_SKA1W9-12A72B120_-10_650.png used on inpu
t line 5.
(pdftex.def)             Requested size: 88.03493pt x 65.59279pt.

<images/uvcov_SKA1W9-0A72B120_-10_650.png, id=140, 578.16pt x 433.62pt>
File: images/uvcov_SKA1W9-0A72B120_-10_650.png Graphic file (type png)

<use images/uvcov_SKA1W9-0A72B120_-10_650.png>
Package pdftex.def Info: images/uvcov_SKA1W9-0A72B120_-10_650.png used on input
 line 5.
(pdftex.def)             Requested size: 88.03493pt x 65.59279pt.

<images/uvcov_SKASUR1_-10_650.png, id=141, 578.16pt x 433.62pt>
File: images/uvcov_SKASUR1_-10_650.png Graphic file (type png)

<use images/uvcov_SKASUR1_-10_650.png>
Package pdftex.def Info: images/uvcov_SKASUR1_-10_650.png used on input line 5.

(pdftex.def)             Requested size: 88.03493pt x 65.59279pt.

<images/uvcov_SKASUR_-10_650.png, id=142, 578.16pt x 433.62pt>
File: images/uvcov_SKASUR_-10_650.png Graphic file (type png)

<use images/uvcov_SKASUR_-10_650.png>
Package pdftex.def Info: images/uvcov_SKASUR_-10_650.png used on input line 5.
(pdftex.def)             Requested size: 88.03493pt x 65.59279pt.
)
Overfull \hbox (13.87175pt too wide) in paragraph at lines 2--307
 [][] 
 []

[5 <./images/dish_hist-REF2.png> <./images/dish_hist-W9-12A72B120.png> <./image
s/dish_cumhist-REF2.png> <./images/dish_cumhist-W9-12A72B120.png> <./images/uvc
ov_SKA1REF2_-50_650.png> <./images/uvcov_SKA1W9-12A72B120_-50_650.png> <./image
s/uvcov_SKA1W9-0A72B120_-50_650.png> <./images/uvcov_SKASUR1_-50_650.png> <./im
ages/uvcov_SKASUR_-50_650.png> <./images/uvcov_SKA1REF2_-30_650.png> <./images/
uvcov_SKA1W9-12A72B120_-30_650.png> <./images/uvcov_SKA1W9-0A72B120_-30_650.png
> <./images/uvcov_SKASUR1_-30_650.png> <./images/uvcov_SKASUR_-30_650.png> <./i
mages/uvcov_SKA1REF2_-10_650.png> <./images/uvcov_SKA1W9-12A72B120_-10_650.png>
 <./images/uvcov_SKA1W9-0A72B120_-10_650.png> <./images/uvcov_SKASUR1_-10_650.p
ng> <./images/uvcov_SKASUR_-10_650.png>] (./psf_mean-new.tex
Overfull \hbox (10.40535pt too wide) in paragraph at lines 12--31
 [][] 
 []


Overfull \hbox (10.40535pt too wide) in paragraph at lines 12--31
 [][] 
 []


Overfull \hbox (10.40535pt too wide) in paragraph at lines 12--31
 [][] 
 []

) (./psf_sym-new.tex
Overfull \hbox (51.23933pt too wide) in paragraph at lines 12--31
 [][] 
 []


Overfull \hbox (44.43367pt too wide) in paragraph at lines 12--31
 [][] 
 []


Overfull \hbox (41.03084pt too wide) in paragraph at lines 12--31
 [][] 
 []

) (./noise50k-new.tex
Overfull \hbox (44.0865pt too wide) in paragraph at lines 12--31
 [][] 
 []


Overfull \hbox (42.07259pt too wide) in paragraph at lines 12--31
 [][] 
 []


Overfull \hbox (42.07259pt too wide) in paragraph at lines 12--31
 [][] 
 []

) (./noise50-new.tex
Overfull \hbox (44.43367pt too wide) in paragraph at lines 12--31
 [][] 
 []


Overfull \hbox (44.43367pt too wide) in paragraph at lines 12--31
 [][] 
 []


Overfull \hbox (44.43367pt too wide) in paragraph at lines 12--31
 [][] 
 []

) (./noise166-new.tex
Overfull \hbox (17.21101pt too wide) in paragraph at lines 12--31
 [][] 
 []


Overfull \hbox (20.61385pt too wide) in paragraph at lines 12--31
 [][] 
 []


Overfull \hbox (13.80818pt too wide) in paragraph at lines 12--31
 [][] 
 []

) (./snr10-new.tex
Overfull \hbox (3.59969pt too wide) in paragraph at lines 12--31
 [][] 
 []

) (./snravg-new.tex) (./hours-new.tex) (./speed-new.tex) (./speed_avg-new.tex)
[6] [7] [8] [9] [10]
Underfull \hbox (badness 10000) in paragraph at lines 403--404
[][]$\OT1/cmtt/m/n/10 http : / / www . skatelescope . org / wp-[]content / uplo
ads / 2013 / 05 / SKA-[]TEL-[]SKO-[]DD-[]001-[]1 _
 []


Underfull \hbox (badness 10000) in paragraph at lines 404--406
[][]$\OT1/cmtt/m/n/10 https : / / www . skatelescope . org / wp-[]content / upl
oads / 2014 / 03 / SKA-[]TEL _ SCI-[]SKO-[]SRQ-[]001-[]1 _ Level _
 []

[11] (./dec-30_650.tex
<images/SKA1REF2_8h60s_dec-30_650MHz_1ch-natural-psf.fits.png, id=270, 722.7pt 
x 722.7pt>
File: images/SKA1REF2_8h60s_dec-30_650MHz_1ch-natural-psf.fits.png Graphic file
 (type png)
 <use images/SKA1REF2_8h60s_dec-30_650MHz_1ch-natural-psf.fits.png>
Package pdftex.def Info: images/SKA1REF2_8h60s_dec-30_650MHz_1ch-natural-psf.fi
ts.png used on input line 3.
(pdftex.def)             Requested size: 110.05112pt x 109.61015pt.

<images/SKA1W9-12A72B120_8h60s_dec-30_650MHz_1ch-natural-psf.fits.png, id=271, 
722.7pt x 722.7pt>
File: images/SKA1W9-12A72B120_8h60s_dec-30_650MHz_1ch-natural-psf.fits.png Grap
hic file (type png)

<use images/SKA1W9-12A72B120_8h60s_dec-30_650MHz_1ch-natural-psf.fits.png>
Package pdftex.def Info: images/SKA1W9-12A72B120_8h60s_dec-30_650MHz_1ch-natura
l-psf.fits.png used on input line 3.
(pdftex.def)             Requested size: 110.05112pt x 109.61015pt.

<images/SKA1W9-0A72B120_8h60s_dec-30_650MHz_1ch-natural-psf.fits.png, id=272, 7
22.7pt x 722.7pt>
File: images/SKA1W9-0A72B120_8h60s_dec-30_650MHz_1ch-natural-psf.fits.png Graph
ic file (type png)

<use images/SKA1W9-0A72B120_8h60s_dec-30_650MHz_1ch-natural-psf.fits.png>
Package pdftex.def Info: images/SKA1W9-0A72B120_8h60s_dec-30_650MHz_1ch-natural
-psf.fits.png used on input line 3.
(pdftex.def)             Requested size: 110.05112pt x 109.61015pt.

<images/SKASUR_8h60s_dec-30_650MHz_1ch-natural-psf.fits.png, id=273, 722.7pt x 
722.7pt>
File: images/SKASUR_8h60s_dec-30_650MHz_1ch-natural-psf.fits.png Graphic file (
type png)
 <use images/SKASUR_8h60s_dec-30_650MHz_1ch-natural-psf.fits.png>
Package pdftex.def Info: images/SKASUR_8h60s_dec-30_650MHz_1ch-natural-psf.fits
.png used on input line 3.
(pdftex.def)             Requested size: 110.05112pt x 109.61015pt.

<images/SKA1REF2_8h60s_dec-30_650MHz_1ch-briggs,robust=-2,fov=10-psf.fits.png, 
id=274, 722.7pt x 722.7pt>
File: images/SKA1REF2_8h60s_dec-30_650MHz_1ch-briggs,robust=-2,fov=10-psf.fits.
png Graphic file (type png)

<use images/SKA1REF2_8h60s_dec-30_650MHz_1ch-briggs,robust=-2,fov=10-psf.fits.p
ng>
Package pdftex.def Info: images/SKA1REF2_8h60s_dec-30_650MHz_1ch-briggs,robust=
-2,fov=10-psf.fits.png used on input line 4.
(pdftex.def)             Requested size: 110.05112pt x 109.61015pt.

<images/SKA1W9-12A72B120_8h60s_dec-30_650MHz_1ch-briggs,robust=-2,fov=10-psf.fi
ts.png, id=275, 722.7pt x 722.7pt>
File: images/SKA1W9-12A72B120_8h60s_dec-30_650MHz_1ch-briggs,robust=-2,fov=10-p
sf.fits.png Graphic file (type png)

<use images/SKA1W9-12A72B120_8h60s_dec-30_650MHz_1ch-briggs,robust=-2,fov=10-ps
f.fits.png>
Package pdftex.def Info: images/SKA1W9-12A72B120_8h60s_dec-30_650MHz_1ch-briggs
,robust=-2,fov=10-psf.fits.png used on input line 4.
(pdftex.def)             Requested size: 110.05112pt x 109.61015pt.

<images/SKA1W9-0A72B120_8h60s_dec-30_650MHz_1ch-briggs,robust=-2,fov=10-psf.fit
s.png, id=276, 722.7pt x 722.7pt>
File: images/SKA1W9-0A72B120_8h60s_dec-30_650MHz_1ch-briggs,robust=-2,fov=10-ps
f.fits.png Graphic file (type png)

<use images/SKA1W9-0A72B120_8h60s_dec-30_650MHz_1ch-briggs,robust=-2,fov=10-psf
.fits.png>
Package pdftex.def Info: images/SKA1W9-0A72B120_8h60s_dec-30_650MHz_1ch-briggs,
robust=-2,fov=10-psf.fits.png used on input line 4.
(pdftex.def)             Requested size: 110.05112pt x 109.61015pt.

<images/SKASUR_8h60s_dec-30_650MHz_1ch-briggs,robust=-2,fov=10-psf.fits.png, id
=277, 722.7pt x 722.7pt>
File: images/SKASUR_8h60s_dec-30_650MHz_1ch-briggs,robust=-2,fov=10-psf.fits.pn
g Graphic file (type png)

<use images/SKASUR_8h60s_dec-30_650MHz_1ch-briggs,robust=-2,fov=10-psf.fits.png
>
Package pdftex.def Info: images/SKASUR_8h60s_dec-30_650MHz_1ch-briggs,robust=-2
,fov=10-psf.fits.png used on input line 4.
(pdftex.def)             Requested size: 110.05112pt x 109.61015pt.

<images/SKA1REF2_8h60s_dec-30_650MHz_1ch-briggs,robust=-2,fov=10,taper=1-psf.fi
ts.png, id=278, 722.7pt x 722.7pt>
File: images/SKA1REF2_8h60s_dec-30_650MHz_1ch-briggs,robust=-2,fov=10,taper=1-p
sf.fits.png Graphic file (type png)

<use images/SKA1REF2_8h60s_dec-30_650MHz_1ch-briggs,robust=-2,fov=10,taper=1-ps
f.fits.png>
Package pdftex.def Info: images/SKA1REF2_8h60s_dec-30_650MHz_1ch-briggs,robust=
-2,fov=10,taper=1-psf.fits.png used on input line 5.
(pdftex.def)             Requested size: 110.05112pt x 109.61015pt.

<images/SKA1W9-12A72B120_8h60s_dec-30_650MHz_1ch-briggs,robust=-2,fov=10,taper=
1-psf.fits.png, id=279, 722.7pt x 722.7pt>
File: images/SKA1W9-12A72B120_8h60s_dec-30_650MHz_1ch-briggs,robust=-2,fov=10,t
aper=1-psf.fits.png Graphic file (type png)

<use images/SKA1W9-12A72B120_8h60s_dec-30_650MHz_1ch-briggs,robust=-2,fov=10,ta
per=1-psf.fits.png>
Package pdftex.def Info: images/SKA1W9-12A72B120_8h60s_dec-30_650MHz_1ch-briggs
,robust=-2,fov=10,taper=1-psf.fits.png used on input line 5.
(pdftex.def)             Requested size: 110.05112pt x 109.61015pt.

<images/SKA1W9-0A72B120_8h60s_dec-30_650MHz_1ch-briggs,robust=-2,fov=10,taper=1
-psf.fits.png, id=280, 722.7pt x 722.7pt>
File: images/SKA1W9-0A72B120_8h60s_dec-30_650MHz_1ch-briggs,robust=-2,fov=10,ta
per=1-psf.fits.png Graphic file (type png)

<use images/SKA1W9-0A72B120_8h60s_dec-30_650MHz_1ch-briggs,robust=-2,fov=10,tap
er=1-psf.fits.png>
Package pdftex.def Info: images/SKA1W9-0A72B120_8h60s_dec-30_650MHz_1ch-briggs,
robust=-2,fov=10,taper=1-psf.fits.png used on input line 5.
(pdftex.def)             Requested size: 110.05112pt x 109.61015pt.

<images/SKASUR_8h60s_dec-30_650MHz_1ch-briggs,robust=-2,fov=10,taper=1-psf.fits
.png, id=281, 722.7pt x 722.7pt>
File: images/SKASUR_8h60s_dec-30_650MHz_1ch-briggs,robust=-2,fov=10,taper=1-psf
.fits.png Graphic file (type png)

<use images/SKASUR_8h60s_dec-30_650MHz_1ch-briggs,robust=-2,fov=10,taper=1-psf.
fits.png>
Package pdftex.def Info: images/SKASUR_8h60s_dec-30_650MHz_1ch-briggs,robust=-2
,fov=10,taper=1-psf.fits.png used on input line 5.
(pdftex.def)             Requested size: 110.05112pt x 109.61015pt.
) (./dec-30_800.tex
<images/SKA1REF2_8h60s_dec-30_800MHz_1ch-natural-psf.fits.png, id=282, 722.7pt 
x 722.7pt>
File: images/SKA1REF2_8h60s_dec-30_800MHz_1ch-natural-psf.fits.png Graphic file
 (type png)
 <use images/SKA1REF2_8h60s_dec-30_800MHz_1ch-natural-psf.fits.png>
Package pdftex.def Info: images/SKA1REF2_8h60s_dec-30_800MHz_1ch-natural-psf.fi
ts.png used on input line 3.
(pdftex.def)             Requested size: 110.05112pt x 109.61015pt.

<images/SKA1W9-12A72B120_8h60s_dec-30_800MHz_1ch-natural-psf.fits.png, id=283, 
722.7pt x 722.7pt>
File: images/SKA1W9-12A72B120_8h60s_dec-30_800MHz_1ch-natural-psf.fits.png Grap
hic file (type png)

<use images/SKA1W9-12A72B120_8h60s_dec-30_800MHz_1ch-natural-psf.fits.png>
Package pdftex.def Info: images/SKA1W9-12A72B120_8h60s_dec-30_800MHz_1ch-natura
l-psf.fits.png used on input line 3.
(pdftex.def)             Requested size: 110.05112pt x 109.61015pt.

<images/SKA1W9-0A72B120_8h60s_dec-30_800MHz_1ch-natural-psf.fits.png, id=284, 7
22.7pt x 722.7pt>
File: images/SKA1W9-0A72B120_8h60s_dec-30_800MHz_1ch-natural-psf.fits.png Graph
ic file (type png)

<use images/SKA1W9-0A72B120_8h60s_dec-30_800MHz_1ch-natural-psf.fits.png>
Package pdftex.def Info: images/SKA1W9-0A72B120_8h60s_dec-30_800MHz_1ch-natural
-psf.fits.png used on input line 3.
(pdftex.def)             Requested size: 110.05112pt x 109.61015pt.

<images/SKASUR_8h60s_dec-30_800MHz_1ch-natural-psf.fits.png, id=285, 722.7pt x 
722.7pt>
File: images/SKASUR_8h60s_dec-30_800MHz_1ch-natural-psf.fits.png Graphic file (
type png)
 <use images/SKASUR_8h60s_dec-30_800MHz_1ch-natural-psf.fits.png>
Package pdftex.def Info: images/SKASUR_8h60s_dec-30_800MHz_1ch-natural-psf.fits
.png used on input line 3.
(pdftex.def)             Requested size: 110.05112pt x 109.61015pt.

<images/SKA1REF2_8h60s_dec-30_800MHz_1ch-briggs,robust=-2,fov=10-psf.fits.png, 
id=286, 722.7pt x 722.7pt>
File: images/SKA1REF2_8h60s_dec-30_800MHz_1ch-briggs,robust=-2,fov=10-psf.fits.
png Graphic file (type png)

<use images/SKA1REF2_8h60s_dec-30_800MHz_1ch-briggs,robust=-2,fov=10-psf.fits.p
ng>
Package pdftex.def Info: images/SKA1REF2_8h60s_dec-30_800MHz_1ch-briggs,robust=
-2,fov=10-psf.fits.png used on input line 4.
(pdftex.def)             Requested size: 110.05112pt x 109.61015pt.

<images/SKA1W9-12A72B120_8h60s_dec-30_800MHz_1ch-briggs,robust=-2,fov=10-psf.fi
ts.png, id=287, 722.7pt x 722.7pt>
File: images/SKA1W9-12A72B120_8h60s_dec-30_800MHz_1ch-briggs,robust=-2,fov=10-p
sf.fits.png Graphic file (type png)

<use images/SKA1W9-12A72B120_8h60s_dec-30_800MHz_1ch-briggs,robust=-2,fov=10-ps
f.fits.png>
Package pdftex.def Info: images/SKA1W9-12A72B120_8h60s_dec-30_800MHz_1ch-briggs
,robust=-2,fov=10-psf.fits.png used on input line 4.
(pdftex.def)             Requested size: 110.05112pt x 109.61015pt.

<images/SKA1W9-0A72B120_8h60s_dec-30_800MHz_1ch-briggs,robust=-2,fov=10-psf.fit
s.png, id=288, 722.7pt x 722.7pt>
File: images/SKA1W9-0A72B120_8h60s_dec-30_800MHz_1ch-briggs,robust=-2,fov=10-ps
f.fits.png Graphic file (type png)

<use images/SKA1W9-0A72B120_8h60s_dec-30_800MHz_1ch-briggs,robust=-2,fov=10-psf
.fits.png>
Package pdftex.def Info: images/SKA1W9-0A72B120_8h60s_dec-30_800MHz_1ch-briggs,
robust=-2,fov=10-psf.fits.png used on input line 4.
(pdftex.def)             Requested size: 110.05112pt x 109.61015pt.

<images/SKASUR_8h60s_dec-30_800MHz_1ch-briggs,robust=-2,fov=10-psf.fits.png, id
=289, 722.7pt x 722.7pt>
File: images/SKASUR_8h60s_dec-30_800MHz_1ch-briggs,robust=-2,fov=10-psf.fits.pn
g Graphic file (type png)

<use images/SKASUR_8h60s_dec-30_800MHz_1ch-briggs,robust=-2,fov=10-psf.fits.png
>
Package pdftex.def Info: images/SKASUR_8h60s_dec-30_800MHz_1ch-briggs,robust=-2
,fov=10-psf.fits.png used on input line 4.
(pdftex.def)             Requested size: 110.05112pt x 109.61015pt.

<images/SKA1REF2_8h60s_dec-30_800MHz_1ch-briggs,robust=-2,fov=10,taper=1-psf.fi
ts.png, id=290, 722.7pt x 722.7pt>
File: images/SKA1REF2_8h60s_dec-30_800MHz_1ch-briggs,robust=-2,fov=10,taper=1-p
sf.fits.png Graphic file (type png)

<use images/SKA1REF2_8h60s_dec-30_800MHz_1ch-briggs,robust=-2,fov=10,taper=1-ps
f.fits.png>
Package pdftex.def Info: images/SKA1REF2_8h60s_dec-30_800MHz_1ch-briggs,robust=
-2,fov=10,taper=1-psf.fits.png used on input line 5.
(pdftex.def)             Requested size: 110.05112pt x 109.61015pt.

<images/SKA1W9-12A72B120_8h60s_dec-30_800MHz_1ch-briggs,robust=-2,fov=10,taper=
1-psf.fits.png, id=291, 722.7pt x 722.7pt>
File: images/SKA1W9-12A72B120_8h60s_dec-30_800MHz_1ch-briggs,robust=-2,fov=10,t
aper=1-psf.fits.png Graphic file (type png)

<use images/SKA1W9-12A72B120_8h60s_dec-30_800MHz_1ch-briggs,robust=-2,fov=10,ta
per=1-psf.fits.png>
Package pdftex.def Info: images/SKA1W9-12A72B120_8h60s_dec-30_800MHz_1ch-briggs
,robust=-2,fov=10,taper=1-psf.fits.png used on input line 5.
(pdftex.def)             Requested size: 110.05112pt x 109.61015pt.

<images/SKA1W9-0A72B120_8h60s_dec-30_800MHz_1ch-briggs,robust=-2,fov=10,taper=1
-psf.fits.png, id=292, 722.7pt x 722.7pt>
File: images/SKA1W9-0A72B120_8h60s_dec-30_800MHz_1ch-briggs,robust=-2,fov=10,ta
per=1-psf.fits.png Graphic file (type png)

<use images/SKA1W9-0A72B120_8h60s_dec-30_800MHz_1ch-briggs,robust=-2,fov=10,tap
er=1-psf.fits.png>
Package pdftex.def Info: images/SKA1W9-0A72B120_8h60s_dec-30_800MHz_1ch-briggs,
robust=-2,fov=10,taper=1-psf.fits.png used on input line 5.
(pdftex.def)             Requested size: 110.05112pt x 109.61015pt.

<images/SKASUR_8h60s_dec-30_800MHz_1ch-briggs,robust=-2,fov=10,taper=1-psf.fits
.png, id=293, 722.7pt x 722.7pt>
File: images/SKASUR_8h60s_dec-30_800MHz_1ch-briggs,robust=-2,fov=10,taper=1-psf
.fits.png Graphic file (type png)

<use images/SKASUR_8h60s_dec-30_800MHz_1ch-briggs,robust=-2,fov=10,taper=1-psf.
fits.png>
Package pdftex.def Info: images/SKASUR_8h60s_dec-30_800MHz_1ch-briggs,robust=-2
,fov=10,taper=1-psf.fits.png used on input line 5.
(pdftex.def)             Requested size: 110.05112pt x 109.61015pt.
) (./dec-30_1000.tex
<images/SKA1REF2_8h60s_dec-30_1000MHz_1ch-natural-psf.fits.png, id=294, 722.7pt
 x 722.7pt>
File: images/SKA1REF2_8h60s_dec-30_1000MHz_1ch-natural-psf.fits.png Graphic fil
e (type png)

<use images/SKA1REF2_8h60s_dec-30_1000MHz_1ch-natural-psf.fits.png>
Package pdftex.def Info: images/SKA1REF2_8h60s_dec-30_1000MHz_1ch-natural-psf.f
its.png used on input line 3.
(pdftex.def)             Requested size: 110.05112pt x 109.61015pt.

<images/SKA1W9-12A72B120_8h60s_dec-30_1000MHz_1ch-natural-psf.fits.png, id=295,
 722.7pt x 722.7pt>
File: images/SKA1W9-12A72B120_8h60s_dec-30_1000MHz_1ch-natural-psf.fits.png Gra
phic file (type png)

<use images/SKA1W9-12A72B120_8h60s_dec-30_1000MHz_1ch-natural-psf.fits.png>
Package pdftex.def Info: images/SKA1W9-12A72B120_8h60s_dec-30_1000MHz_1ch-natur
al-psf.fits.png used on input line 3.
(pdftex.def)             Requested size: 110.05112pt x 109.61015pt.

<images/SKA1W9-0A72B120_8h60s_dec-30_1000MHz_1ch-natural-psf.fits.png, id=296, 
722.7pt x 722.7pt>
File: images/SKA1W9-0A72B120_8h60s_dec-30_1000MHz_1ch-natural-psf.fits.png Grap
hic file (type png)

<use images/SKA1W9-0A72B120_8h60s_dec-30_1000MHz_1ch-natural-psf.fits.png>
Package pdftex.def Info: images/SKA1W9-0A72B120_8h60s_dec-30_1000MHz_1ch-natura
l-psf.fits.png used on input line 3.
(pdftex.def)             Requested size: 110.05112pt x 109.61015pt.

<images/SKASUR_8h60s_dec-30_1000MHz_1ch-natural-psf.fits.png, id=297, 722.7pt x
 722.7pt>
File: images/SKASUR_8h60s_dec-30_1000MHz_1ch-natural-psf.fits.png Graphic file 
(type png)
 <use images/SKASUR_8h60s_dec-30_1000MHz_1ch-natural-psf.fits.png>
Package pdftex.def Info: images/SKASUR_8h60s_dec-30_1000MHz_1ch-natural-psf.fit
s.png used on input line 3.
(pdftex.def)             Requested size: 110.05112pt x 109.61015pt.

<images/SKA1REF2_8h60s_dec-30_1000MHz_1ch-briggs,robust=-2,fov=10-psf.fits.png,
 id=298, 722.7pt x 722.7pt>
File: images/SKA1REF2_8h60s_dec-30_1000MHz_1ch-briggs,robust=-2,fov=10-psf.fits
.png Graphic file (type png)

<use images/SKA1REF2_8h60s_dec-30_1000MHz_1ch-briggs,robust=-2,fov=10-psf.fits.
png>
Package pdftex.def Info: images/SKA1REF2_8h60s_dec-30_1000MHz_1ch-briggs,robust
=-2,fov=10-psf.fits.png used on input line 4.
(pdftex.def)             Requested size: 110.05112pt x 109.61015pt.

<images/SKA1W9-12A72B120_8h60s_dec-30_1000MHz_1ch-briggs,robust=-2,fov=10-psf.f
its.png, id=299, 722.7pt x 722.7pt>
File: images/SKA1W9-12A72B120_8h60s_dec-30_1000MHz_1ch-briggs,robust=-2,fov=10-
psf.fits.png Graphic file (type png)

<use images/SKA1W9-12A72B120_8h60s_dec-30_1000MHz_1ch-briggs,robust=-2,fov=10-p
sf.fits.png>
Package pdftex.def Info: images/SKA1W9-12A72B120_8h60s_dec-30_1000MHz_1ch-brigg
s,robust=-2,fov=10-psf.fits.png used on input line 4.
(pdftex.def)             Requested size: 110.05112pt x 109.61015pt.

<images/SKA1W9-0A72B120_8h60s_dec-30_1000MHz_1ch-briggs,robust=-2,fov=10-psf.fi
ts.png, id=300, 722.7pt x 722.7pt>
File: images/SKA1W9-0A72B120_8h60s_dec-30_1000MHz_1ch-briggs,robust=-2,fov=10-p
sf.fits.png Graphic file (type png)

<use images/SKA1W9-0A72B120_8h60s_dec-30_1000MHz_1ch-briggs,robust=-2,fov=10-ps
f.fits.png>
Package pdftex.def Info: images/SKA1W9-0A72B120_8h60s_dec-30_1000MHz_1ch-briggs
,robust=-2,fov=10-psf.fits.png used on input line 4.
(pdftex.def)             Requested size: 110.05112pt x 109.61015pt.

<images/SKASUR_8h60s_dec-30_1000MHz_1ch-briggs,robust=-2,fov=10-psf.fits.png, i
d=301, 722.7pt x 722.7pt>
File: images/SKASUR_8h60s_dec-30_1000MHz_1ch-briggs,robust=-2,fov=10-psf.fits.p
ng Graphic file (type png)

<use images/SKASUR_8h60s_dec-30_1000MHz_1ch-briggs,robust=-2,fov=10-psf.fits.pn
g>
Package pdftex.def Info: images/SKASUR_8h60s_dec-30_1000MHz_1ch-briggs,robust=-
2,fov=10-psf.fits.png used on input line 4.
(pdftex.def)             Requested size: 110.05112pt x 109.61015pt.

<images/SKA1REF2_8h60s_dec-30_1000MHz_1ch-briggs,robust=-2,fov=10,taper=1-psf.f
its.png, id=302, 722.7pt x 722.7pt>
File: images/SKA1REF2_8h60s_dec-30_1000MHz_1ch-briggs,robust=-2,fov=10,taper=1-
psf.fits.png Graphic file (type png)

<use images/SKA1REF2_8h60s_dec-30_1000MHz_1ch-briggs,robust=-2,fov=10,taper=1-p
sf.fits.png>
Package pdftex.def Info: images/SKA1REF2_8h60s_dec-30_1000MHz_1ch-briggs,robust
=-2,fov=10,taper=1-psf.fits.png used on input line 5.
(pdftex.def)             Requested size: 110.05112pt x 109.61015pt.

<images/SKA1W9-12A72B120_8h60s_dec-30_1000MHz_1ch-briggs,robust=-2,fov=10,taper
=1-psf.fits.png, id=303, 722.7pt x 722.7pt>
File: images/SKA1W9-12A72B120_8h60s_dec-30_1000MHz_1ch-briggs,robust=-2,fov=10,
taper=1-psf.fits.png Graphic file (type png)

<use images/SKA1W9-12A72B120_8h60s_dec-30_1000MHz_1ch-briggs,robust=-2,fov=10,t
aper=1-psf.fits.png>
Package pdftex.def Info: images/SKA1W9-12A72B120_8h60s_dec-30_1000MHz_1ch-brigg
s,robust=-2,fov=10,taper=1-psf.fits.png used on input line 5.
(pdftex.def)             Requested size: 110.05112pt x 109.61015pt.

<images/SKA1W9-0A72B120_8h60s_dec-30_1000MHz_1ch-briggs,robust=-2,fov=10,taper=
1-psf.fits.png, id=304, 722.7pt x 722.7pt>
File: images/SKA1W9-0A72B120_8h60s_dec-30_1000MHz_1ch-briggs,robust=-2,fov=10,t
aper=1-psf.fits.png Graphic file (type png)

<use images/SKA1W9-0A72B120_8h60s_dec-30_1000MHz_1ch-briggs,robust=-2,fov=10,ta
per=1-psf.fits.png>
Package pdftex.def Info: images/SKA1W9-0A72B120_8h60s_dec-30_1000MHz_1ch-briggs
,robust=-2,fov=10,taper=1-psf.fits.png used on input line 5.
(pdftex.def)             Requested size: 110.05112pt x 109.61015pt.

<images/SKASUR_8h60s_dec-30_1000MHz_1ch-briggs,robust=-2,fov=10,taper=1-psf.fit
s.png, id=305, 722.7pt x 722.7pt>
File: images/SKASUR_8h60s_dec-30_1000MHz_1ch-briggs,robust=-2,fov=10,taper=1-ps
f.fits.png Graphic file (type png)

<use images/SKASUR_8h60s_dec-30_1000MHz_1ch-briggs,robust=-2,fov=10,taper=1-psf
.fits.png>
Package pdftex.def Info: images/SKASUR_8h60s_dec-30_1000MHz_1ch-briggs,robust=-
2,fov=10,taper=1-psf.fits.png used on input line 5.
(pdftex.def)             Requested size: 110.05112pt x 109.61015pt.
) [12 <./images/SKA1REF2_8h60s_dec-30_650MHz_1ch-natural-psf.fits.png> <./image
s/SKA1W9-12A72B120_8h60s_dec-30_650MHz_1ch-natural-psf.fits.png> <./images/SKA1
W9-0A72B120_8h60s_dec-30_650MHz_1ch-natural-psf.fits.png> <./images/SKASUR_8h60
s_dec-30_650MHz_1ch-natural-psf.fits.png> <./images/SKA1REF2_8h60s_dec-30_650MH
z_1ch-briggs,robust=-2,fov=10-psf.fits.png> <./images/SKA1W9-12A72B120_8h60s_de
c-30_650MHz_1ch-briggs,robust=-2,fov=10-psf.fits.png> <./images/SKA1W9-0A72B120
_8h60s_dec-30_650MHz_1ch-briggs,robust=-2,fov=10-psf.fits.png> <./images/SKASUR
_8h60s_dec-30_650MHz_1ch-briggs,robust=-2,fov=10-psf.fits.png> <./images/SKA1RE
F2_8h60s_dec-30_650MHz_1ch-briggs,robust=-2,fov=10,taper=1-psf.fits.png> <./ima
ges/SKA1W9-12A72B120_8h60s_dec-30_650MHz_1ch-briggs,robust=-2,fov=10,taper=1-ps
f.fits.png> <./images/SKA1W9-0A72B120_8h60s_dec-30_650MHz_1ch-briggs,robust=-2,
fov=10,taper=1-psf.fits.png> <./images/SKASUR_8h60s_dec-30_650MHz_1ch-briggs,ro
bust=-2,fov=10,taper=1-psf.fits.png>] [13 <./images/SKA1REF2_8h60s_dec-30_800MH
z_1ch-natural-psf.fits.png> <./images/SKA1W9-12A72B120_8h60s_dec-30_800MHz_1ch-
natural-psf.fits.png> <./images/SKA1W9-0A72B120_8h60s_dec-30_800MHz_1ch-natural
-psf.fits.png> <./images/SKASUR_8h60s_dec-30_800MHz_1ch-natural-psf.fits.png> <
./images/SKA1REF2_8h60s_dec-30_800MHz_1ch-briggs,robust=-2,fov=10-psf.fits.png>
 <./images/SKA1W9-12A72B120_8h60s_dec-30_800MHz_1ch-briggs,robust=-2,fov=10-psf
.fits.png> <./images/SKA1W9-0A72B120_8h60s_dec-30_800MHz_1ch-briggs,robust=-2,f
ov=10-psf.fits.png> <./images/SKASUR_8h60s_dec-30_800MHz_1ch-briggs,robust=-2,f
ov=10-psf.fits.png> <./images/SKA1REF2_8h60s_dec-30_800MHz_1ch-briggs,robust=-2
,fov=10,taper=1-psf.fits.png> <./images/SKA1W9-12A72B120_8h60s_dec-30_800MHz_1c
h-briggs,robust=-2,fov=10,taper=1-psf.fits.png> <./images/SKA1W9-0A72B120_8h60s
_dec-30_800MHz_1ch-briggs,robust=-2,fov=10,taper=1-psf.fits.png> <./images/SKAS
UR_8h60s_dec-30_800MHz_1ch-briggs,robust=-2,fov=10,taper=1-psf.fits.png>] (./ps
f_mean-astrobio.tex) (./psf_sym-astrobio.tex)
(./noise2500-astrobio.tex) (./snr10-astrobio.tex) (./snravg-astrobio.tex)
(./hours-astrobio.tex) (./speed-astrobio.tex) (./speed_avg-astrobio.tex)
Package atveryend Info: Empty hook `BeforeClearDocument' on input line 443.

[14 <./images/SKA1REF2_8h60s_dec-30_1000MHz_1ch-natural-psf.fits.png> <./images
/SKA1W9-12A72B120_8h60s_dec-30_1000MHz_1ch-natural-psf.fits.png> <./images/SKA1
W9-0A72B120_8h60s_dec-30_1000MHz_1ch-natural-psf.fits.png> <./images/SKASUR_8h6
0s_dec-30_1000MHz_1ch-natural-psf.fits.png> <./images/SKA1REF2_8h60s_dec-30_100
0MHz_1ch-briggs,robust=-2,fov=10-psf.fits.png> <./images/SKA1W9-12A72B120_8h60s
_dec-30_1000MHz_1ch-briggs,robust=-2,fov=10-psf.fits.png> <./images/SKA1W9-0A72
B120_8h60s_dec-30_1000MHz_1ch-briggs,robust=-2,fov=10-psf.fits.png> <./images/S
KASUR_8h60s_dec-30_1000MHz_1ch-briggs,robust=-2,fov=10-psf.fits.png> <./images/
SKA1REF2_8h60s_dec-30_1000MHz_1ch-briggs,robust=-2,fov=10,taper=1-psf.fits.png>
 <./images/SKA1W9-12A72B120_8h60s_dec-30_1000MHz_1ch-briggs,robust=-2,fov=10,ta
per=1-psf.fits.png> <./images/SKA1W9-0A72B120_8h60s_dec-30_1000MHz_1ch-briggs,r
obust=-2,fov=10,taper=1-psf.fits.png> <./images/SKASUR_8h60s_dec-30_1000MHz_1ch
-briggs,robust=-2,fov=10,taper=1-psf.fits.png>] [15] [16]
Package atveryend Info: Empty hook `AfterLastShipout' on input line 443.
 (./midopt_mjj.aux)
Package atveryend Info: Executing hook `AtVeryEndDocument' on input line 443.
Package atveryend Info: Empty hook `AtEndAfterFileList' on input line 443.


LaTeX Warning: There were multiply-defined labels.

Package atveryend Info: Empty hook `AtVeryVeryEnd' on input line 443.
 ) 
Here is how much of TeX's memory you used:
 10810 strings out of 493315
 178631 string characters out of 6137904
 642535 words of memory out of 5000000
 13847 multiletter control sequences out of 15000+600000
 21201 words of font info for 81 fonts, out of 8000000 for 9000
 957 hyphenation exceptions out of 8191
 41i,13n,49p,780b,479s stack positions out of 5000i,500n,10000p,200000b,80000s
</usr/local/texlive/2013/texmf-dist/fonts/type1/public/amsfonts/cm/cmbx10.pfb
></usr/local/texlive/2013/texmf-dist/fonts/type1/public/amsfonts/cm/cmbx12.pfb>
</usr/local/texlive/2013/texmf-dist/fonts/type1/public/amsfonts/cm/cmbx5.pfb></
usr/local/texlive/2013/texmf-dist/fonts/type1/public/amsfonts/cm/cmbx9.pfb></us
r/local/texlive/2013/texmf-dist/fonts/type1/public/amsfonts/cm/cmcsc10.pfb></us
r/local/texlive/2013/texmf-dist/fonts/type1/public/amsfonts/cm/cmex10.pfb></usr
/local/texlive/2013/texmf-dist/fonts/type1/public/amsfonts/cm/cmmi10.pfb></usr/
local/texlive/2013/texmf-dist/fonts/type1/public/amsfonts/cm/cmmi7.pfb></usr/lo
cal/texlive/2013/texmf-dist/fonts/type1/public/amsfonts/cm/cmmi8.pfb></usr/loca
l/texlive/2013/texmf-dist/fonts/type1/public/amsfonts/cm/cmmi9.pfb></usr/local/
texlive/2013/texmf-dist/fonts/type1/public/amsfonts/cm/cmr10.pfb></usr/local/te
xlive/2013/texmf-dist/fonts/type1/public/amsfonts/cm/cmr12.pfb></usr/local/texl
ive/2013/texmf-dist/fonts/type1/public/amsfonts/cm/cmr17.pfb></usr/local/texliv
e/2013/texmf-dist/fonts/type1/public/amsfonts/cm/cmr5.pfb></usr/local/texlive/2
013/texmf-dist/fonts/type1/public/amsfonts/cm/cmr6.pfb></usr/local/texlive/2013
/texmf-dist/fonts/type1/public/amsfonts/cm/cmr7.pfb></usr/local/texlive/2013/te
xmf-dist/fonts/type1/public/amsfonts/cm/cmr8.pfb></usr/local/texlive/2013/texmf
-dist/fonts/type1/public/amsfonts/cm/cmr9.pfb></usr/local/texlive/2013/texmf-di
st/fonts/type1/public/amsfonts/cm/cmsy10.pfb></usr/local/texlive/2013/texmf-dis
t/fonts/type1/public/amsfonts/cm/cmsy7.pfb></usr/local/texlive/2013/texmf-dist/
fonts/type1/public/amsfonts/cm/cmsy8.pfb></usr/local/texlive/2013/texmf-dist/fo
nts/type1/public/amsfonts/cm/cmsy9.pfb></usr/local/texlive/2013/texmf-dist/font
s/type1/public/amsfonts/cm/cmti10.pfb></usr/local/texlive/2013/texmf-dist/fonts
/type1/public/amsfonts/cm/cmti8.pfb></usr/local/texlive/2013/texmf-dist/fonts/t
ype1/public/amsfonts/cm/cmtt10.pfb>
Output written on midopt_mjj.pdf (16 pages, 4510903 bytes).
PDF statistics:
 528 PDF objects out of 1000 (max. 8388607)
 325 compressed objects within 4 object streams
 102 named destinations out of 1000 (max. 500000)
 454 words of extra memory for PDF output out of 10000 (max. 10000000)

